<?xml version="1.0" encoding="UTF-8"?>
<testng-results skipped="0" failed="1" ignored="0" total="1" passed="0">
  <reporter-output>
  </reporter-output>
  <suite name="Default suite" duration-ms="11198" started-at="2017-12-13T05:07:25Z" finished-at="2017-12-13T05:07:36Z">
    <groups>
    </groups>
    <test name="Default test" duration-ms="11198" started-at="2017-12-13T05:07:25Z" finished-at="2017-12-13T05:07:36Z">
      <class name="TestAutomation.TestNGFacebook">
        <test-method status="PASS" signature="beforeMethod()[pri:0, instance:TestAutomation.TestNGFacebook@457e2f02]" name="beforeMethod" is-config="true" duration-ms="10102" started-at="2017-12-13T10:37:25Z" finished-at="2017-12-13T10:37:35Z">
          <reporter-output>
          </reporter-output>
        </test-method> <!-- beforeMethod -->
        <test-method status="FAIL" signature="main()[pri:0, instance:TestAutomation.TestNGFacebook@457e2f02]" name="main" duration-ms="1053" started-at="2017-12-13T10:37:35Z" finished-at="2017-12-13T10:37:36Z">
          <exception class="org.openqa.selenium.InvalidSelectorException">
            <message>
              <![CDATA[Given xpath expression "//*[text(@href,'https://www.facebook.com/login')]" is invalid: SyntaxError: The expression is not a legal expression.For documentation on this error, please visit: http://seleniumhq.org/exceptions/invalid_selector_exception.htmlBuild info: version: '3.8.1', revision: '6e95a6684b', time: '2017-12-01T19:05:14.666Z'System info: host: 'rubi-pc', ip: '127.0.1.1', os.name: 'Linux', os.arch: 'amd64', os.version: '4.9.51-1-MANJARO', java.version: '1.8.0_144'Driver info: org.openqa.selenium.firefox.FirefoxDriverCapabilities {acceptInsecureCerts: true, browserName: firefox, browserVersion: 55.0.3, javascriptEnabled: true, moz:accessibilityChecks: false, moz:processID: 5065, moz:profile: /tmp/rust_mozprofile.0SWjxt..., pageLoadStrategy: normal, platform: LINUX, platformName: LINUX, platformVersion: 4.9.51-1-MANJARO, rotatable: false, specificationLevel: 0, timeouts: {implicit: 0, pageLoad: 300000, script: 30000}}Session ID: 9fa9f194-7ce9-4a76-8b89-c45116c05255*** Element info: {Using=xpath, value=//*[text(@href,'https://www.facebook.com/login')]}]]>
            </message>
            <full-stacktrace>
              <![CDATA[org.openqa.selenium.InvalidSelectorException: Given xpath expression "//*[text(@href,'https://www.facebook.com/login')]" is invalid: SyntaxError: The expression is not a legal expression.For documentation on this error, please visit: http://seleniumhq.org/exceptions/invalid_selector_exception.htmlBuild info: version: '3.8.1', revision: '6e95a6684b', time: '2017-12-01T19:05:14.666Z'System info: host: 'rubi-pc', ip: '127.0.1.1', os.name: 'Linux', os.arch: 'amd64', os.version: '4.9.51-1-MANJARO', java.version: '1.8.0_144'Driver info: org.openqa.selenium.firefox.FirefoxDriverCapabilities {acceptInsecureCerts: true, browserName: firefox, browserVersion: 55.0.3, javascriptEnabled: true, moz:accessibilityChecks: false, moz:processID: 5065, moz:profile: /tmp/rust_mozprofile.0SWjxt..., pageLoadStrategy: normal, platform: LINUX, platformName: LINUX, platformVersion: 4.9.51-1-MANJARO, rotatable: false, specificationLevel: 0, timeouts: {implicit: 0, pageLoad: 300000, script: 30000}}Session ID: 9fa9f194-7ce9-4a76-8b89-c45116c05255*** Element info: {Using=xpath, value=//*[text(@href,'https://www.facebook.com/login')]}at sun.reflect.NativeConstructorAccessorImpl.newInstance0(Native Method)at sun.reflect.NativeConstructorAccessorImpl.newInstance(NativeConstructorAccessorImpl.java:62)at sun.reflect.DelegatingConstructorAccessorImpl.newInstance(DelegatingConstructorAccessorImpl.java:45)at java.lang.reflect.Constructor.newInstance(Constructor.java:423)at org.openqa.selenium.remote.http.W3CHttpResponseCodec.createException(W3CHttpResponseCodec.java:187)at org.openqa.selenium.remote.http.W3CHttpResponseCodec.decode(W3CHttpResponseCodec.java:122)at org.openqa.selenium.remote.http.W3CHttpResponseCodec.decode(W3CHttpResponseCodec.java:49)at org.openqa.selenium.remote.HttpCommandExecutor.execute(HttpCommandExecutor.java:164)at org.openqa.selenium.remote.service.DriverCommandExecutor.execute(DriverCommandExecutor.java:83)at org.openqa.selenium.remote.RemoteWebDriver.execute(RemoteWebDriver.java:601)at org.openqa.selenium.remote.RemoteWebDriver.findElement(RemoteWebDriver.java:371)at org.openqa.selenium.remote.RemoteWebDriver.findElementByXPath(RemoteWebDriver.java:473)at org.openqa.selenium.By$ByXPath.findElement(By.java:361)at org.openqa.selenium.remote.RemoteWebDriver.findElement(RemoteWebDriver.java:363)at TestAutomation.TestNGFacebook.main(TestNGFacebook.java:42)at sun.reflect.NativeMethodAccessorImpl.invoke0(Native Method)at sun.reflect.NativeMethodAccessorImpl.invoke(NativeMethodAccessorImpl.java:62)at sun.reflect.DelegatingMethodAccessorImpl.invoke(DelegatingMethodAccessorImpl.java:43)at java.lang.reflect.Method.invoke(Method.java:498)at org.testng.internal.MethodInvocationHelper.invokeMethod(MethodInvocationHelper.java:124)at org.testng.internal.Invoker.invokeMethod(Invoker.java:571)at org.testng.internal.Invoker.invokeTestMethod(Invoker.java:707)at org.testng.internal.Invoker.invokeTestMethods(Invoker.java:979)at org.testng.internal.TestMethodWorker.invokeTestMethods(TestMethodWorker.java:125)at org.testng.internal.TestMethodWorker.run(TestMethodWorker.java:109)at org.testng.TestRunner.privateRun(TestRunner.java:648)at org.testng.TestRunner.run(TestRunner.java:505)at org.testng.SuiteRunner.runTest(SuiteRunner.java:455)at org.testng.SuiteRunner.runSequentially(SuiteRunner.java:450)at org.testng.SuiteRunner.privateRun(SuiteRunner.java:415)at org.testng.SuiteRunner.run(SuiteRunner.java:364)at org.testng.SuiteRunnerWorker.runSuite(SuiteRunnerWorker.java:52)at org.testng.SuiteRunnerWorker.run(SuiteRunnerWorker.java:84)at org.testng.TestNG.runSuitesSequentially(TestNG.java:1187)at org.testng.TestNG.runSuitesLocally(TestNG.java:1116)at org.testng.TestNG.runSuites(TestNG.java:1028)at org.testng.TestNG.run(TestNG.java:996)at org.testng.remote.AbstractRemoteTestNG.run(AbstractRemoteTestNG.java:114)at org.testng.remote.RemoteTestNG.initAndRun(RemoteTestNG.java:251)at org.testng.remote.RemoteTestNG.main(RemoteTestNG.java:77)]]>
            </full-stacktrace>
          </exception> <!-- org.openqa.selenium.InvalidSelectorException -->
          <reporter-output>
          </reporter-output>
        </test-method> <!-- main -->
        <test-method status="PASS" signature="afterMethod()[pri:0, instance:TestAutomation.TestNGFacebook@457e2f02]" name="afterMethod" is-config="true" duration-ms="1" started-at="2017-12-13T10:37:36Z" finished-at="2017-12-13T10:37:36Z">
          <reporter-output>
          </reporter-output>
        </test-method> <!-- afterMethod -->
      </class> <!-- TestAutomation.TestNGFacebook -->
    </test> <!-- Default test -->
  </suite> <!-- Default suite -->
</testng-results>
